<?xml version="1.0" encoding="UTF-8"?>
<!-- Generated by org.testng.reporters.JUnitReportReporter -->
<testsuite hostname="AMMU21515" failures="0" tests="1" name="com.sevenmartsupermarket.tests.LoginTest" time="5.240" errors="0" timestamp="2024-05-15T19:23:19 IST" skipped="0">
  <testcase classname="com.sevenmartsupermarket.tests.LoginTest" name="verifyLogout" time="5.240"/>
  <system-out/>
</testsuite> <!-- com.sevenmartsupermarket.tests.LoginTest -->
