<?xml version="1.0" encoding="UTF-8"?>
<!-- Generated by org.testng.reporters.JUnitReportReporter -->
<testsuite hostname="AMMU21515" failures="0" tests="1" name="com.sevenmartsupermarket.tests.AdminUsersTest" time="9.376" errors="0" timestamp="2024-05-19T21:38:13 IST" skipped="0">
  <testcase classname="com.sevenmartsupermarket.tests.AdminUsersTest" name="selectadminUsers" time="9.376"/>
  <system-out/>
</testsuite> <!-- com.sevenmartsupermarket.tests.AdminUsersTest -->
