<?xml version="1.0" encoding="UTF-8"?>
<!-- Generated by org.testng.reporters.JUnitReportReporter -->
<testsuite hostname="AMMU21515" failures="0" tests="1" name="com.sevenmartsupermarket.tests.ManageLocationTest" time="15.242" errors="0" timestamp="2024-05-20T13:45:56 IST" skipped="0">
  <testcase classname="com.sevenmartsupermarket.tests.ManageLocationTest" name="createNewLocation" time="15.242"/>
  <system-out/>
</testsuite> <!-- com.sevenmartsupermarket.tests.ManageLocationTest -->
