<?xml version="1.0" encoding="UTF-8"?>
<!-- Generated by org.testng.reporters.JUnitReportReporter -->
<testsuite hostname="AMMU21515" failures="0" tests="1" name="com.sevenmartsupermarket.tests.AdminUsersTest" time="8.228" errors="0" timestamp="2024-05-16T18:08:07 IST" skipped="0">
  <testcase classname="com.sevenmartsupermarket.tests.AdminUsersTest" name="verifynewUserName" time="8.228"/>
  <system-out/>
</testsuite> <!-- com.sevenmartsupermarket.tests.AdminUsersTest -->
